2024-07-07 00:30:52,304 [INFO] root: Received properties for object Productivity. Properties: 1450
2024-07-07 00:31:47,816 [INFO] root: Received properties for object Productivity. Properties: 1450
2024-07-07 00:31:47,817 [INFO] root: Query list: {'columns': [{'columnDefinition': {'dimension': None,
                                   'effectiveDateProperty': None,
                                   'formula': None,
                                   'memberMapProperty': None,
                                   'property': {'name': 'Productivity.Days_To_Productivity',
                                                'qualifyingPath': 'Productivity'},
                                   'selectionConcept': None},
              'columnName': 'Days to Productivity'},
             {'columnDefinition': {'dimension': None,
                                   'effectiveDateProperty': None,
                                   'formula': None,
                                   'memberMapProperty': None,
                                   'property': {'name': 'Productivity.Fully_Productive',
                                                'qualifyingPath': 'Productivity'},
                                   'selectionConcept': None},
              'columnName': 'Fully Productive'},
             {'columnDefinition': {'dimension': None,
                                   'effectiveDateProperty': None,
                                   'formula': None,
                                   'memberMapProperty': None,
                                   'property': {'name': 'Productivity.EmployeeID',
                                                'qualifyingPath': 'Productivity'},
                                   'selectionConcept': None},
              'columnName': 'Employee ID'},
             {'columnDefinition': {'dimension': None,
                                   'effectiveDateProperty': None,
                                   'formula': None,
                                   'memberMapProperty': None,
                                   'property': {'name': 'Productivity.EventDate',
                                                'qualifyingPath': 'Productivity'},
                                   'selectionConcept': None},
              'columnName': 'Event Date'}],
 'filters': None,
 'options': {'calendarType': None,
             'currencyConversionCode': None,
             'currencyConversionDate': None,
             'currencyConversionMode': None,
             'dateTimeDisplayMode': None,
             'limit': 10,
             'multipleTables': None,
             'omitHeader': None,
             'page': None,
             'queryMode': None,
             'recordMode': None},
 'parameterValues': None,
 'sortOptions': None,
 'source': {'analyticObject': 'Productivity', 'formula': None, 'metric': None},
 'timeInterval': {'direction': None,
                  'dynamicDateFrom': None,
                  'fromDateTime': '2024-07-07',
                  'fromInstant': None,
                  'intervalPeriodCount': 4,
                  'intervalPeriodType': 'YEAR',
                  'shift': None}}
2024-07-07 00:31:47,963 [INFO] root: Received query result: {'header': {'@type': None,
            'additional_properties': {'0': 'Days to Productivity',
                                      '1': 'Fully Productive',
                                      '2': 'Employee ID',
                                      '3': 'Event Date'}},
 'rows': [{'@type': None,
           'additional_properties': {'0': 99,
                                     '1': True,
                                     '2': 'Employee-26172568',
                                     '3': 1647907200000}},
          {'@type': None,
           'additional_properties': {'0': 93,
                                     '1': True,
                                     '2': 'Employee-28908767',
                                     '3': 1657756800000}},
          {'@type': None,
           'additional_properties': {'0': 99,
                                     '1': True,
                                     '2': 'Employee-29191448',
                                     '3': 1659571200000}},
          {'@type': None,
           'additional_properties': {'0': 99,
                                     '1': True,
                                     '2': 'Employee-19943402',
                                     '3': 1620086400000}},
          {'@type': None,
           'additional_properties': {'0': 94,
                                     '1': True,
                                     '2': 'Employee-24316315',
                                     '3': 1640217600000}},
          {'@type': None,
           'additional_properties': {'0': 102,
                                     '1': True,
                                     '2': 'Employee-31615120',
                                     '3': 1670803200000}},
          {'@type': None,
           'additional_properties': {'0': 99,
                                     '1': True,
                                     '2': 'Employee-17455885',
                                     '3': 1611014400000}},
          {'@type': None,
           'additional_properties': {'0': 92,
                                     '1': True,
                                     '2': 'Employee-17699506',
                                     '3': 1611619200000}},
          {'@type': None,
           'additional_properties': {'0': 91,
                                     '1': True,
                                     '2': 'Employee-20458968',
                                     '3': 1621468800000}},
          {'@type': None,
           'additional_properties': {'0': 100,
                                     '1': True,
                                     '2': 'Employee-17615758',
                                     '3': 1611878400000}}]}
2024-07-07 01:12:28,858 [INFO] __main__: Refreshing token
2024-07-07 01:12:37,237 [INFO] __main__: Refreshing token
2024-07-07 01:12:37,804 [INFO] __main__: Refreshing token
2024-07-07 01:12:38,313 [INFO] __main__: Refreshing token
2024-07-07 01:12:38,797 [INFO] __main__: Refreshing token
2024-07-07 01:12:39,337 [INFO] __main__: Refreshing token
2024-07-07 01:12:39,838 [INFO] __main__: Refreshing token
2024-07-07 01:12:40,371 [INFO] __main__: Refreshing token
2024-07-07 01:12:40,878 [INFO] __main__: Refreshing token
2024-07-07 01:12:41,491 [INFO] __main__: Refreshing token
2024-07-07 01:12:42,155 [INFO] __main__: Received properties for object Productivity. Properties: 4
2024-07-07 01:19:33,546 [INFO] __main__: Refreshing token
2024-07-07 01:19:34,105 [INFO] __main__: Refreshing token
2024-07-07 01:19:34,630 [INFO] __main__: Refreshing token
2024-07-07 01:19:35,154 [INFO] __main__: Refreshing token
2024-07-07 01:19:35,683 [INFO] __main__: Refreshing token
2024-07-07 01:19:36,297 [INFO] __main__: Refreshing token
2024-07-07 01:19:36,810 [INFO] __main__: Refreshing token
2024-07-07 01:19:37,296 [INFO] __main__: Refreshing token
2024-07-07 01:19:37,831 [INFO] __main__: Refreshing token
2024-07-07 01:19:38,348 [INFO] __main__: Refreshing token
2024-07-07 01:19:39,012 [INFO] __main__: Received properties for object Productivity. Properties: 4
2024-07-07 01:21:14,199 [INFO] __main__: Refreshing token
2024-07-07 01:21:14,707 [INFO] __main__: Refreshing token
2024-07-07 01:21:15,219 [INFO] __main__: Refreshing token
2024-07-07 01:21:15,833 [INFO] __main__: Refreshing token
2024-07-07 01:21:16,345 [INFO] __main__: Refreshing token
2024-07-07 01:21:16,857 [INFO] __main__: Refreshing token
2024-07-07 01:21:17,362 [INFO] __main__: Refreshing token
2024-07-07 01:21:17,880 [INFO] __main__: Refreshing token
2024-07-07 01:21:18,495 [INFO] __main__: Refreshing token
2024-07-07 01:21:19,012 [INFO] __main__: Refreshing token
2024-07-07 01:21:19,647 [INFO] __main__: Received properties for object Productivity. Properties: 4
2024-07-07 01:22:11,168 [INFO] __main__: Received properties for object Productivity. Properties: 4
2024-07-07 01:22:33,086 [INFO] __main__: Received properties for object Productivity. Properties: 4
2024-07-07 01:23:24,014 [INFO] __main__: Received properties for object Productivity. Properties: 4
2024-07-07 01:23:24,112 [INFO] __main__: Received query result: header=GoogleProtobufAny(type=None, additional_properties={'0': 'Days to Productivity', '1': 'Fully Productive', '2': 'Employee ID', '3': 'Event Date'}) rows=[GoogleProtobufAny(type=None, additional_properties={'0': 99, '1': True, '2': 'Employee-26172568', '3': 1647907200000}), GoogleProtobufAny(type=None, additional_properties={'0': 93, '1': True, '2': 'Employee-28908767', '3': 1657756800000}), GoogleProtobufAny(type=None, additional_properties={'0': 99, '1': True, '2': 'Employee-29191448', '3': 1659571200000}), GoogleProtobufAny(type=None, additional_properties={'0': 99, '1': True, '2': 'Employee-19943402', '3': 1620086400000}), GoogleProtobufAny(type=None, additional_properties={'0': 94, '1': True, '2': 'Employee-24316315', '3': 1640217600000}), GoogleProtobufAny(type=None, additional_properties={'0': 102, '1': True, '2': 'Employee-31615120', '3': 1670803200000}), GoogleProtobufAny(type=None, additional_properties={'0': 99, '1': True, '2': 'Employee-17455885', '3': 1611014400000}), GoogleProtobufAny(type=None, additional_properties={'0': 92, '1': True, '2': 'Employee-17699506', '3': 1611619200000}), GoogleProtobufAny(type=None, additional_properties={'0': 91, '1': True, '2': 'Employee-20458968', '3': 1621468800000}), GoogleProtobufAny(type=None, additional_properties={'0': 100, '1': True, '2': 'Employee-17615758', '3': 1611878400000})]
2024-07-07 01:23:35,608 [INFO] __main__: Refreshing token
2024-07-07 01:23:36,122 [INFO] __main__: Refreshing token
2024-07-07 01:23:36,737 [INFO] __main__: Refreshing token
2024-07-07 01:23:37,218 [INFO] __main__: Refreshing token
2024-07-07 01:23:37,760 [INFO] __main__: Refreshing token
2024-07-07 01:23:38,274 [INFO] __main__: Refreshing token
2024-07-07 01:23:38,890 [INFO] __main__: Refreshing token
2024-07-07 01:23:39,602 [INFO] __main__: Refreshing token
2024-07-07 01:23:40,095 [INFO] __main__: Refreshing token
2024-07-07 01:23:40,627 [INFO] __main__: Refreshing token
2024-07-07 01:23:41,317 [INFO] __main__: Received properties for object Productivity. Properties: 4
2024-07-07 01:23:41,319 [INFO] __main__: Refreshing token
2024-07-07 01:23:41,856 [INFO] __main__: Refreshing token
2024-07-07 01:23:42,299 [INFO] __main__: Refreshing token
2024-07-07 01:23:42,814 [INFO] __main__: Refreshing token
2024-07-07 01:23:43,331 [INFO] __main__: Refreshing token
2024-07-07 01:23:43,904 [INFO] __main__: Refreshing token
2024-07-07 01:23:44,419 [INFO] __main__: Refreshing token
2024-07-07 01:23:44,929 [INFO] __main__: Refreshing token
2024-07-07 01:23:45,544 [INFO] __main__: Refreshing token
2024-07-07 01:23:46,052 [INFO] __main__: Refreshing token
2024-07-07 01:23:46,771 [INFO] __main__: Received query result: header=GoogleProtobufAny(type=None, additional_properties={'0': 'Days to Productivity', '1': 'Fully Productive', '2': 'Employee ID', '3': 'Event Date'}) rows=[GoogleProtobufAny(type=None, additional_properties={'0': 99, '1': True, '2': 'Employee-26172568', '3': 1647907200000}), GoogleProtobufAny(type=None, additional_properties={'0': 93, '1': True, '2': 'Employee-28908767', '3': 1657756800000}), GoogleProtobufAny(type=None, additional_properties={'0': 99, '1': True, '2': 'Employee-29191448', '3': 1659571200000}), GoogleProtobufAny(type=None, additional_properties={'0': 99, '1': True, '2': 'Employee-19943402', '3': 1620086400000}), GoogleProtobufAny(type=None, additional_properties={'0': 94, '1': True, '2': 'Employee-24316315', '3': 1640217600000}), GoogleProtobufAny(type=None, additional_properties={'0': 102, '1': True, '2': 'Employee-31615120', '3': 1670803200000}), GoogleProtobufAny(type=None, additional_properties={'0': 99, '1': True, '2': 'Employee-17455885', '3': 1611014400000}), GoogleProtobufAny(type=None, additional_properties={'0': 92, '1': True, '2': 'Employee-17699506', '3': 1611619200000}), GoogleProtobufAny(type=None, additional_properties={'0': 91, '1': True, '2': 'Employee-20458968', '3': 1621468800000}), GoogleProtobufAny(type=None, additional_properties={'0': 100, '1': True, '2': 'Employee-17615758', '3': 1611878400000})]
